<?xml version="1.0" encoding="UTF-8"?>
<testng-results ignored="0" total="1" passed="1" failed="0" skipped="0">
  <reporter-output>
  </reporter-output>
  <suite started-at="2025-07-23T18:23:09 IST" name="Suite1" finished-at="2025-07-23T18:23:12 IST" duration-ms="3820">
    <groups>
    </groups>
    <test started-at="2025-07-23T18:23:09 IST" name="Sample Test" finished-at="2025-07-23T18:23:12 IST" duration-ms="3820">
      <class name="com.redbus.MyTest">
        <test-method signature="sampleTest()[pri:0, instance:com.redbus.MyTest@4e268090]" started-at="2025-07-23T18:23:09 IST" name="sampleTest" finished-at="2025-07-23T18:23:12 IST" duration-ms="3711" status="PASS">
          <reporter-output>
          </reporter-output>
        </test-method> <!-- sampleTest -->
      </class> <!-- com.redbus.MyTest -->
    </test> <!-- Sample Test -->
  </suite> <!-- Suite1 -->
</testng-results>
