<?xml version="1.0" encoding="UTF-8"?>
<testng-results ignored="0" total="1" passed="0" failed="1" skipped="0">
  <reporter-output>
  </reporter-output>
  <suite started-at="2025-07-24T16:14:24 IST" name="Suite1" finished-at="2025-07-24T16:14:27 IST" duration-ms="2872">
    <groups>
      <group name="cucumber">
        <method signature="AbstractTestNGCucumberTests.runScenario(io.cucumber.testng.PickleWrapper,io.cucumber.testng.FeatureWrapper)[pri:0, instance:com.redbus.testrunners.WebTestRunner@4bb33f74]" name="runScenario" class="io.cucumber.testng.AbstractTestNGCucumberTests"/>
      </group> <!-- cucumber -->
    </groups>
    <test started-at="2025-07-24T16:14:24 IST" name="Sample Test" finished-at="2025-07-24T16:14:27 IST" duration-ms="2872">
      <class name="com.redbus.testrunners.WebTestRunner">
        <test-method is-config="true" signature="setUpClass(org.testng.ITestContext)[pri:0, instance:com.redbus.testrunners.WebTestRunner@4bb33f74]" started-at="2025-07-24T16:14:24 IST" name="setUpClass" finished-at="2025-07-24T16:14:24 IST" duration-ms="379" status="PASS">
          <params>
            <param index="0">
              <value>
                <![CDATA[org.testng.TestRunner@43df23d3]]>
              </value>
            </param>
          </params>
          <reporter-output>
          </reporter-output>
        </test-method> <!-- setUpClass -->
        <test-method signature="runScenario(io.cucumber.testng.PickleWrapper,io.cucumber.testng.FeatureWrapper)[pri:0, instance:com.redbus.testrunners.WebTestRunner@4bb33f74]" started-at="2025-07-24T16:14:24 IST" name="runScenario" description="Runs Cucumber Scenarios" data-provider="scenarios" finished-at="2025-07-24T16:14:27 IST" duration-ms="2383" status="FAIL">
          <params>
            <param index="0">
              <value>
                <![CDATA["Verify search page features"]]>
              </value>
            </param>
            <param index="1">
              <value>
                <![CDATA["User Experience - Search Routes"]]>
              </value>
            </param>
          </params>
          <exception class="java.lang.NullPointerException">
            <full-stacktrace>
              <![CDATA[java.lang.NullPointerException
at com.redbus.stepdefinitions.Search.navigate_to(Search.java:23)
at ✽.Navigate to "BASE_URL"(file:///C:/Users/ashin/Documents/APP%20Testing%20Version%20one/RedBusCucumber/features/Search.feature:4)
]]>
            </full-stacktrace>
          </exception> <!-- java.lang.NullPointerException -->
          <reporter-output>
          </reporter-output>
        </test-method> <!-- runScenario -->
        <test-method is-config="true" signature="tearDownClass()[pri:0, instance:com.redbus.testrunners.WebTestRunner@4bb33f74]" started-at="2025-07-24T16:14:27 IST" name="tearDownClass" finished-at="2025-07-24T16:14:27 IST" duration-ms="4" status="PASS">
          <reporter-output>
          </reporter-output>
        </test-method> <!-- tearDownClass -->
      </class> <!-- com.redbus.testrunners.WebTestRunner -->
    </test> <!-- Sample Test -->
  </suite> <!-- Suite1 -->
</testng-results>
